<?xml version="1.0" encoding="UTF-8"?>
<testng-results ignored="0" total="1" passed="1" failed="0" skipped="0">
  <reporter-output>
  </reporter-output>
  <suite started-at="2023-11-05T07:21:01 IST" name="Default suite" finished-at="2023-11-05T07:21:01 IST" duration-ms="59">
    <groups>
    </groups>
    <test started-at="2023-11-05T07:21:01 IST" name="Default test" finished-at="2023-11-05T07:21:01 IST" duration-ms="59">
      <class name="utils.ReadDataFromJsonFile">
        <test-method signature="readDataFromJsonFile()[pri:0, instance:utils.ReadDataFromJsonFile@7ed7259e]" started-at="2023-11-05T07:21:01 IST" name="readDataFromJsonFile" finished-at="2023-11-05T07:21:01 IST" duration-ms="17" status="PASS">
          <reporter-output>
          </reporter-output>
        </test-method> <!-- readDataFromJsonFile -->
      </class> <!-- utils.ReadDataFromJsonFile -->
    </test> <!-- Default test -->
  </suite> <!-- Default suite -->
</testng-results>
