<?xml version="1.0" encoding="UTF-8"?>
<!-- Generated by org.testng.reporters.JUnitXMLReporter -->
<testsuite ignored="0" hostname="DESKTOP-OKJ00F5" failures="0" tests="4" name="Default test" time="0.059" errors="0" timestamp="2023-10-20T21:36:20 IST">
  <testcase classname="testng.practice.TestNGAnnotationsExecutionOrder" name="atest1" time="0.007"/>
  <testcase classname="testng.practice.TestNGAnnotationsExecutionOrder" name="btest3" time="0.001"/>
  <testcase classname="testng.practice.TestNGAnnotationsExecutionOrder" name="ctest4" time="0.002"/>
  <testcase classname="testng.practice.TestNGAnnotationsExecutionOrder" name="dtest2" time="0.002"/>
</testsuite> <!-- Default test -->
