<?xml version="1.0" encoding="UTF-8"?>
<testng-results ignored="0" total="1" passed="1" failed="0" skipped="0">
  <reporter-output>
  </reporter-output>
  <suite started-at="2023-09-09T16:29:30 IST" name="Default suite" finished-at="2023-09-09T16:30:08 IST" duration-ms="37280">
    <groups>
    </groups>
    <test started-at="2023-09-09T16:29:30 IST" name="Default test" finished-at="2023-09-09T16:30:08 IST" duration-ms="37280">
      <class name="practice.CreateNewStoryInJira">
        <test-method signature="createNewStoryInJira()[pri:0, instance:practice.CreateNewStoryInJira@1aa7ecca]" started-at="2023-09-09T16:29:31 IST" name="createNewStoryInJira" finished-at="2023-09-09T16:30:08 IST" duration-ms="37201" status="PASS">
          <reporter-output>
          </reporter-output>
        </test-method> <!-- createNewStoryInJira -->
      </class> <!-- practice.CreateNewStoryInJira -->
    </test> <!-- Default test -->
  </suite> <!-- Default suite -->
</testng-results>
