<?xml version="1.0" encoding="UTF-8"?>
<testng-results ignored="0" total="4" passed="4" failed="0" skipped="0">
  <reporter-output>
  </reporter-output>
  <suite started-at="2023-08-16T09:24:14 IST" name="Default suite" finished-at="2023-08-16T09:24:20 IST" duration-ms="5526">
    <groups>
    </groups>
    <test started-at="2023-08-16T09:24:14 IST" name="Default test" finished-at="2023-08-16T09:24:20 IST" duration-ms="5526">
      <class name="jira.CreateIncident">
        <test-method is-config="true" signature="setUp()[pri:0, instance:jira.CreateIncident@2a798d51]" started-at="2023-08-16T09:24:14 IST" name="setUp" finished-at="2023-08-16T09:24:15 IST" duration-ms="385" status="PASS">
          <reporter-output>
          </reporter-output>
        </test-method> <!-- setUp -->
        <test-method signature="createIncidentInJira()[pri:0, instance:jira.CreateIncident@2a798d51]" started-at="2023-08-16T09:24:15 IST" name="createIncidentInJira" finished-at="2023-08-16T09:24:18 IST" duration-ms="2873" status="PASS">
          <reporter-output>
          </reporter-output>
        </test-method> <!-- createIncidentInJira -->
      </class> <!-- jira.CreateIncident -->
      <class name="jira.UpdateIncident">
        <test-method is-config="true" signature="setUp()[pri:0, instance:jira.UpdateIncident@59662a0b]" started-at="2023-08-16T09:24:18 IST" name="setUp" finished-at="2023-08-16T09:24:18 IST" duration-ms="1" status="PASS">
          <reporter-output>
          </reporter-output>
        </test-method> <!-- setUp -->
        <test-method signature="updateIncidentJira()[pri:0, instance:jira.UpdateIncident@59662a0b]" started-at="2023-08-16T09:24:18 IST" name="updateIncidentJira" finished-at="2023-08-16T09:24:19 IST" depends-on-methods="jira.RetriveIncident.retriveIncidentJira" duration-ms="672" status="PASS">
          <reporter-output>
          </reporter-output>
        </test-method> <!-- updateIncidentJira -->
      </class> <!-- jira.UpdateIncident -->
      <class name="jira.RetriveIncident">
        <test-method is-config="true" signature="setUp()[pri:0, instance:jira.RetriveIncident@77fbd92c]" started-at="2023-08-16T09:24:18 IST" name="setUp" finished-at="2023-08-16T09:24:18 IST" duration-ms="1" status="PASS">
          <reporter-output>
          </reporter-output>
        </test-method> <!-- setUp -->
        <test-method signature="retriveIncidentJira()[pri:0, instance:jira.RetriveIncident@77fbd92c]" started-at="2023-08-16T09:24:18 IST" name="retriveIncidentJira" finished-at="2023-08-16T09:24:18 IST" depends-on-methods="jira.CreateIncident.createIncidentInJira" duration-ms="550" status="PASS">
          <reporter-output>
          </reporter-output>
        </test-method> <!-- retriveIncidentJira -->
      </class> <!-- jira.RetriveIncident -->
      <class name="jira.DeleteIncident">
        <test-method is-config="true" signature="setUp()[pri:0, instance:jira.DeleteIncident@67c27493]" started-at="2023-08-16T09:24:19 IST" name="setUp" finished-at="2023-08-16T09:24:19 IST" duration-ms="1" status="PASS">
          <reporter-output>
          </reporter-output>
        </test-method> <!-- setUp -->
        <test-method signature="deleteIncidentJira()[pri:0, instance:jira.DeleteIncident@67c27493]" started-at="2023-08-16T09:24:19 IST" name="deleteIncidentJira" finished-at="2023-08-16T09:24:20 IST" depends-on-methods="jira.UpdateIncident.updateIncidentJira" duration-ms="993" status="PASS">
          <reporter-output>
          </reporter-output>
        </test-method> <!-- deleteIncidentJira -->
      </class> <!-- jira.DeleteIncident -->
    </test> <!-- Default test -->
  </suite> <!-- Default suite -->
</testng-results>
