<?xml version="1.0" encoding="UTF-8"?>
<testng-results ignored="0" total="2" passed="2" failed="0" skipped="0">
  <reporter-output>
  </reporter-output>
  <suite started-at="2023-09-10T07:35:17 IST" name="Default suite" finished-at="2023-09-10T07:35:20 IST" duration-ms="2791">
    <groups>
    </groups>
    <test started-at="2023-09-10T07:35:17 IST" name="Default test" finished-at="2023-09-10T07:35:20 IST" duration-ms="2791">
      <class name="weatherstack.HistoricalWeather">
        <test-method signature="getHistoricalWeather()[pri:0, instance:weatherstack.HistoricalWeather@76505305]" started-at="2023-09-10T07:35:19 IST" name="getHistoricalWeather" finished-at="2023-09-10T07:35:20 IST" depends-on-methods="weatherstack.CurrentWeather.getCurrentWeather" duration-ms="621" status="PASS">
          <reporter-output>
          </reporter-output>
        </test-method> <!-- getHistoricalWeather -->
        <test-method is-config="true" signature="setUp()[pri:0, instance:weatherstack.HistoricalWeather@76505305]" started-at="2023-09-10T07:35:19 IST" name="setUp" finished-at="2023-09-10T07:35:19 IST" duration-ms="0" status="PASS">
          <reporter-output>
          </reporter-output>
        </test-method> <!-- setUp -->
      </class> <!-- weatherstack.HistoricalWeather -->
      <class name="weatherstack.CurrentWeather">
        <test-method is-config="true" signature="setUp()[pri:0, instance:weatherstack.CurrentWeather@34e9fd99]" started-at="2023-09-10T07:35:17 IST" name="setUp" finished-at="2023-09-10T07:35:17 IST" duration-ms="302" status="PASS">
          <reporter-output>
          </reporter-output>
        </test-method> <!-- setUp -->
        <test-method signature="getCurrentWeather()[pri:0, instance:weatherstack.CurrentWeather@34e9fd99]" started-at="2023-09-10T07:35:17 IST" name="getCurrentWeather" finished-at="2023-09-10T07:35:19 IST" duration-ms="1819" status="PASS">
          <reporter-output>
          </reporter-output>
        </test-method> <!-- getCurrentWeather -->
      </class> <!-- weatherstack.CurrentWeather -->
    </test> <!-- Default test -->
  </suite> <!-- Default suite -->
</testng-results>
