<?xml version="1.0" encoding="UTF-8"?>
<testng-results ignored="0" total="1" passed="1" failed="0" skipped="0">
  <reporter-output>
  </reporter-output>
  <suite started-at="2023-10-17T16:58:22 IST" name="Default suite" finished-at="2023-10-17T16:58:22 IST" duration-ms="45">
    <groups>
    </groups>
    <test started-at="2023-10-17T16:58:22 IST" name="Default test" finished-at="2023-10-17T16:58:22 IST" duration-ms="45">
      <class name="utility.ReadJSONFile">
        <test-method signature="readJSONFile()[pri:0, instance:utility.ReadJSONFile@7ed7259e]" started-at="2023-10-17T16:58:22 IST" name="readJSONFile" finished-at="2023-10-17T16:58:22 IST" duration-ms="17" status="PASS">
          <reporter-output>
          </reporter-output>
        </test-method> <!-- readJSONFile -->
      </class> <!-- utility.ReadJSONFile -->
    </test> <!-- Default test -->
  </suite> <!-- Default suite -->
</testng-results>
