<?xml version="1.0" encoding="UTF-8"?>
<!-- Generated by org.testng.reporters.JUnitXMLReporter -->
<testsuite ignored="2" hostname="DESKTOP-OKJ00F5" failures="0" tests="2" name="Test" time="0.06" errors="0" timestamp="2023-11-05T08:55:09 IST">
  <testcase classname="testcases.TC001_CreateLead" name="createLead" time="0.007"/>
  <testcase classname="testcases.TC002_EditLead" name="editLead" time="0.003"/>
  <testcase classname="utills.ExtentReport" name="@AfterSuite endReport" time="0.0">
    <ignored/>
  </testcase> <!-- @AfterSuite endReport -->
  <testcase classname="utills.ExtentReport" name="@BeforeSuite startReport" time="0.0">
    <ignored/>
  </testcase> <!-- @BeforeSuite startReport -->
</testsuite> <!-- Test -->
