<?xml version="1.0" encoding="UTF-8"?>
<testng-results ignored="0" total="1" passed="1" failed="0" skipped="0">
  <reporter-output>
  </reporter-output>
  <suite started-at="2023-08-18T19:09:49 IST" name="Default suite" finished-at="2023-08-18T19:10:12 IST" duration-ms="22485">
    <groups>
    </groups>
    <test started-at="2023-08-18T19:09:49 IST" name="Default test" finished-at="2023-08-18T19:10:12 IST" duration-ms="22485">
      <class name="practice.SalesForceAssignmentDay2">
        <test-method signature="setUp()[pri:0, instance:practice.SalesForceAssignmentDay2@694abbdc]" started-at="2023-08-18T19:09:49 IST" name="setUp" finished-at="2023-08-18T19:10:12 IST" duration-ms="22445" status="PASS">
          <reporter-output>
          </reporter-output>
        </test-method> <!-- setUp -->
      </class> <!-- practice.SalesForceAssignmentDay2 -->
    </test> <!-- Default test -->
  </suite> <!-- Default suite -->
</testng-results>
