<?xml version="1.0" encoding="UTF-8"?>
<!-- Generated by org.testng.reporters.JUnitXMLReporter -->
<testsuite ignored="0" hostname="DESKTOP-OKJ00F5" failures="0" tests="4" name="Default test" time="5.526" errors="0" timestamp="2023-08-16T09:24:20 IST">
  <testcase classname="jira.CreateIncident" name="createIncidentInJira" time="2.873"/>
  <testcase classname="jira.RetriveIncident" name="retriveIncidentJira" time="0.55"/>
  <testcase classname="jira.UpdateIncident" name="updateIncidentJira" time="0.672"/>
  <testcase classname="jira.DeleteIncident" name="deleteIncidentJira" time="0.993"/>
</testsuite> <!-- Default test -->
